<?xml version="1.0" encoding="UTF-8"?>
<!-- Generated by org.testng.reporters.JUnitXMLReporter -->
<testsuite hostname="DESKTOP-SIS4PTT" ignored="0" name="Test" tests="1" failures="1" timestamp="02 Dec 2018 04:54:03 GMT" time="43.264" errors="0">
  <testcase name="login" time="33.96" classname="com.pages.test.Fb_test2">
    <failure type="java.lang.AssertionError" message="expected [null] but found [hariprasanth.ar@gmail.com]">
      <![CDATA[java.lang.AssertionError: expected [null] but found [hariprasanth.ar@gmail.com]
at com.pages.test.Fb_test2.login(Fb_test2.java:44)
... Removed 31 stack frames]]>
    </failure>
  </testcase> <!-- login -->
</testsuite> <!-- Test -->
